  Connection.cpp
C:\Users\сервер\Desktop\Battleship\Battleship\Game.h(2,10): warning C4067: непредвиденные лексемы за директивой препроцессора, требуется newline
C:\Users\сервер\Desktop\Battleship\Battleship\Game.h(225,18): warning C4244: инициализация: преобразование "double" в "int", возможна потеря данных
C:\Users\сервер\Desktop\Battleship\Battleship\Game.h(232,18): warning C4244: инициализация: преобразование "double" в "int", возможна потеря данных
C:\Users\сервер\Desktop\Battleship\Battleship\Game.h(246,18): warning C4244: инициализация: преобразование "double" в "int", возможна потеря данных
C:\Users\сервер\Desktop\Battleship\Battleship\Game.h(264,19): warning C4244: инициализация: преобразование "double" в "int", возможна потеря данных
  Game.cpp
C:\Users\сервер\Desktop\Battleship\Battleship\Game.h(2,10): warning C4067: непредвиденные лексемы за директивой препроцессора, требуется newline
C:\Users\сервер\Desktop\Battleship\Battleship\Game.h(225,18): warning C4244: инициализация: преобразование "double" в "int", возможна потеря данных
C:\Users\сервер\Desktop\Battleship\Battleship\Game.h(232,18): warning C4244: инициализация: преобразование "double" в "int", возможна потеря данных
C:\Users\сервер\Desktop\Battleship\Battleship\Game.h(246,18): warning C4244: инициализация: преобразование "double" в "int", возможна потеря данных
C:\Users\сервер\Desktop\Battleship\Battleship\Game.h(264,19): warning C4244: инициализация: преобразование "double" в "int", возможна потеря данных
  Placement.cpp
C:\Users\сервер\Desktop\Battleship\Battleship\Game.h(2,10): warning C4067: непредвиденные лексемы за директивой препроцессора, требуется newline
C:\Users\сервер\Desktop\Battleship\Battleship\Game.h(225,18): warning C4244: инициализация: преобразование "double" в "int", возможна потеря данных
C:\Users\сервер\Desktop\Battleship\Battleship\Game.h(232,18): warning C4244: инициализация: преобразование "double" в "int", возможна потеря данных
C:\Users\сервер\Desktop\Battleship\Battleship\Game.h(246,18): warning C4244: инициализация: преобразование "double" в "int", возможна потеря данных
C:\Users\сервер\Desktop\Battleship\Battleship\Game.h(264,19): warning C4244: инициализация: преобразование "double" в "int", возможна потеря данных
  Создание кода...
  Connection.obj : обнаружен модуль MSIL; для MSIL последовательная компоновка отключена; выполняется полная компоновка
  Battleship.vcxproj -> C:\Users\сервер\Desktop\Battleship\x64\Debug\Battleship.exe
