  Connection.cpp
C:\Users\сервер\Desktop\Battleship-repo-main\Battleship\Battleship\Game.h(2,10): warning C4067: непредвиденные лексемы за директивой препроцессора, требуется newline
C:\Users\сервер\Desktop\Battleship-repo-main\Battleship\Battleship\Game.h(228,18): warning C4244: инициализация: преобразование "double" в "int", возможна потеря данных
C:\Users\сервер\Desktop\Battleship-repo-main\Battleship\Battleship\Game.h(235,18): warning C4244: инициализация: преобразование "double" в "int", возможна потеря данных
C:\Users\сервер\Desktop\Battleship-repo-main\Battleship\Battleship\Game.h(249,18): warning C4244: инициализация: преобразование "double" в "int", возможна потеря данных
C:\Users\сервер\Desktop\Battleship-repo-main\Battleship\Battleship\Game.h(267,19): warning C4244: инициализация: преобразование "double" в "int", возможна потеря данных
  Coordinates.cpp
  Defeat.cpp
  Game.cpp
C:\Users\сервер\Desktop\Battleship-repo-main\Battleship\Battleship\Game.h(2,10): warning C4067: непредвиденные лексемы за директивой препроцессора, требуется newline
C:\Users\сервер\Desktop\Battleship-repo-main\Battleship\Battleship\Game.h(228,18): warning C4244: инициализация: преобразование "double" в "int", возможна потеря данных
C:\Users\сервер\Desktop\Battleship-repo-main\Battleship\Battleship\Game.h(235,18): warning C4244: инициализация: преобразование "double" в "int", возможна потеря данных
C:\Users\сервер\Desktop\Battleship-repo-main\Battleship\Battleship\Game.h(249,18): warning C4244: инициализация: преобразование "double" в "int", возможна потеря данных
C:\Users\сервер\Desktop\Battleship-repo-main\Battleship\Battleship\Game.h(267,19): warning C4244: инициализация: преобразование "double" в "int", возможна потеря данных
  Graphic.cpp
  Permission.cpp
  Placement.cpp
C:\Users\сервер\Desktop\Battleship-repo-main\Battleship\Battleship\Game.h(2,10): warning C4067: непредвиденные лексемы за директивой препроцессора, требуется newline
C:\Users\сервер\Desktop\Battleship-repo-main\Battleship\Battleship\Game.h(228,18): warning C4244: инициализация: преобразование "double" в "int", возможна потеря данных
C:\Users\сервер\Desktop\Battleship-repo-main\Battleship\Battleship\Game.h(235,18): warning C4244: инициализация: преобразование "double" в "int", возможна потеря данных
C:\Users\сервер\Desktop\Battleship-repo-main\Battleship\Battleship\Game.h(249,18): warning C4244: инициализация: преобразование "double" в "int", возможна потеря данных
C:\Users\сервер\Desktop\Battleship-repo-main\Battleship\Battleship\Game.h(267,19): warning C4244: инициализация: преобразование "double" в "int", возможна потеря данных
  Sockaddr.cpp
  stdafx.cpp
  Victory.cpp
  .NETFramework,Version=v4.7.2.AssemblyAttributes.cpp
  Создание кода...
C:\Program Files (x86)\Microsoft Visual Studio\2019\Community\MSBuild\Current\Bin\Microsoft.Common.CurrentVersion.targets(3075,5): error MSB3821: не удалось обработать файл "Connection.resx", так как он находится в Интернете или ограниченной зоне либо имеет веб-метку. Чтобы обрабатывать такие файлы, следует удалить веб-метку.
C:\Program Files (x86)\Microsoft Visual Studio\2019\Community\MSBuild\Current\Bin\Microsoft.Common.CurrentVersion.targets(3075,5): error MSB3821: не удалось обработать файл "Defeat.resx", так как он находится в Интернете или ограниченной зоне либо имеет веб-метку. Чтобы обрабатывать такие файлы, следует удалить веб-метку.
C:\Program Files (x86)\Microsoft Visual Studio\2019\Community\MSBuild\Current\Bin\Microsoft.Common.CurrentVersion.targets(3075,5): error MSB3821: не удалось обработать файл "Game.resx", так как он находится в Интернете или ограниченной зоне либо имеет веб-метку. Чтобы обрабатывать такие файлы, следует удалить веб-метку.
C:\Program Files (x86)\Microsoft Visual Studio\2019\Community\MSBuild\Current\Bin\Microsoft.Common.CurrentVersion.targets(3075,5): error MSB3821: не удалось обработать файл "Placement.resx", так как он находится в Интернете или ограниченной зоне либо имеет веб-метку. Чтобы обрабатывать такие файлы, следует удалить веб-метку.
C:\Program Files (x86)\Microsoft Visual Studio\2019\Community\MSBuild\Current\Bin\Microsoft.Common.CurrentVersion.targets(3075,5): error MSB3821: не удалось обработать файл "Victory.resx", так как он находится в Интернете или ограниченной зоне либо имеет веб-метку. Чтобы обрабатывать такие файлы, следует удалить веб-метку.
